<?xml version="1.0" encoding="UTF-8"?>
<!-- Generated by org.testng.reporters.JUnitReportReporter -->
<testsuite hostname="LIN30000707" failures="0" tests="1" name="com.restAssured.getCallBDD" time="3.440" errors="0" timestamp="2022-04-03T16:22:24 IST" skipped="0">
  <testcase classname="com.restAssured.getCallBDD" name="printResponse" time="3.440"/>
  <system-out/>
</testsuite> <!-- com.restAssured.getCallBDD -->
